<?xml version="1.0" encoding="UTF-8"?>
<!-- Generated by org.testng.reporters.JUnitReportReporter -->
<testsuite hostname="Rishikesh" failures="0" tests="2" name="testPackage.TC_LoginAndLogout" time="5.946" errors="0" timestamp="2023-05-12T00:40:57 IST" skipped="0">
  <testcase classname="testPackage.TC_LoginAndLogout" name="loginTest" time="3.500"/>
  <system-out/>
  <testcase classname="testPackage.TC_LoginAndLogout" name="logoutTest" time="2.446"/>
  <system-out/>
</testsuite> <!-- testPackage.TC_LoginAndLogout -->
