<?xml version="1.0" encoding="UTF-8"?>
<!-- Generated by org.testng.reporters.JUnitReportReporter -->
<testsuite hostname="Rishikesh" failures="0" tests="1" name="testPackage.TC_LoginPage" time="5.691" errors="0" timestamp="2023-04-28T12:38:19 IST" skipped="0">
  <testcase classname="testPackage.TC_LoginPage" name="userLogin" time="5.691"/>
  <system-out/>
</testsuite> <!-- testPackage.TC_LoginPage -->
