<?xml version="1.0" encoding="UTF-8"?>
<!-- Generated by org.testng.reporters.JUnitReportReporter -->
<testsuite hostname="Rishikesh" failures="0" tests="1" name="testPackage.Demo" time="0.035" errors="0" timestamp="2023-04-28T02:27:25 IST" skipped="0">
  <testcase classname="testPackage.Demo" name="demo" time="0.035"/>
  <system-out/>
</testsuite> <!-- testPackage.Demo -->
