<?xml version="1.0" encoding="UTF-8"?>
<!-- Generated by org.testng.reporters.JUnitReportReporter -->
<testsuite hostname="Rishikesh" failures="0" tests="1" name="testPackage.TC_LoginPage" time="7.868" errors="0" timestamp="2023-04-28T15:57:13 IST" skipped="0">
  <testcase classname="testPackage.TC_LoginPage" name="userLogin" time="7.868"/>
  <system-out/>
</testsuite> <!-- testPackage.TC_LoginPage -->
